This file contains any messages produced by compilers while
running configure, to aid debugging if configure makes a mistake.

It was created by Jobsignal Deadline Exporter configure 0.1, which was
generated by GNU Autoconf 2.67.  Invocation command line was

  $ ./configure 

## --------- ##
## Platform. ##
## --------- ##

hostname = lnxrickardm2
uname -m = x86_64
uname -r = 2.6.32-5-amd64
uname -s = Linux
uname -v = #1 SMP Mon Sep 23 22:14:43 UTC 2013

/usr/bin/uname -p = unknown
/bin/uname -X     = unknown

/bin/arch              = unknown
/usr/bin/arch -k       = unknown
/usr/convex/getsysinfo = unknown
/usr/bin/hostinfo      = unknown
/bin/machine           = unknown
/usr/bin/oslevel       = unknown
/bin/universe          = unknown

PATH: /usr/local/bin
PATH: /usr/bin
PATH: /bin
PATH: /usr/local/games
PATH: /usr/games


## ----------- ##
## Core tests. ##
## ----------- ##

configure:1911: checking for a BSD-compatible install
configure:1979: result: /usr/bin/install -c
configure:1990: checking whether build environment is sane
configure:2040: result: yes
configure:2181: checking for a thread-safe mkdir -p
configure:2220: result: /bin/mkdir -p
configure:2233: checking for gawk
configure:2249: found /usr/bin/gawk
configure:2260: result: gawk
configure:2271: checking whether make sets $(MAKE)
configure:2293: result: yes
configure:2416: checking for gcc
configure:2432: found /usr/bin/gcc
configure:2443: result: gcc
configure:2672: checking for C compiler version
configure:2681: gcc --version >&5
gcc (Debian 4.4.5-8) 4.4.5
Copyright (C) 2010 Free Software Foundation, Inc.
This is free software; see the source for copying conditions.  There is NO
warranty; not even for MERCHANTABILITY or FITNESS FOR A PARTICULAR PURPOSE.

configure:2692: $? = 0
configure:2681: gcc -v >&5
Using built-in specs.
Target: x86_64-linux-gnu
Configured with: ../src/configure -v --with-pkgversion='Debian 4.4.5-8' --with-bugurl=file:///usr/share/doc/gcc-4.4/README.Bugs --enable-languages=c,c++,fortran,objc,obj-c++ --prefix=/usr --program-suffix=-4.4 --enable-shared --enable-multiarch --enable-linker-build-id --with-system-zlib --libexecdir=/usr/lib --without-included-gettext --enable-threads=posix --with-gxx-include-dir=/usr/include/c++/4.4 --libdir=/usr/lib --enable-nls --enable-clocale=gnu --enable-libstdcxx-debug --enable-objc-gc --with-arch-32=i586 --with-tune=generic --enable-checking=release --build=x86_64-linux-gnu --host=x86_64-linux-gnu --target=x86_64-linux-gnu
Thread model: posix
gcc version 4.4.5 (Debian 4.4.5-8) 
configure:2692: $? = 0
configure:2681: gcc -V >&5
gcc: '-V' option must have argument
configure:2692: $? = 1
configure:2681: gcc -qversion >&5
gcc: unrecognized option '-qversion'
gcc: no input files
configure:2692: $? = 1
configure:2712: checking whether the C compiler works
configure:2734: gcc    conftest.c  >&5
configure:2738: $? = 0
configure:2786: result: yes
configure:2789: checking for C compiler default output file name
configure:2791: result: a.out
configure:2797: checking for suffix of executables
configure:2804: gcc -o conftest    conftest.c  >&5
configure:2808: $? = 0
configure:2830: result: 
configure:2852: checking whether we are cross compiling
configure:2860: gcc -o conftest    conftest.c  >&5
configure:2864: $? = 0
configure:2871: ./conftest
configure:2875: $? = 0
configure:2890: result: no
configure:2895: checking for suffix of object files
configure:2917: gcc -c   conftest.c >&5
configure:2921: $? = 0
configure:2942: result: o
configure:2946: checking whether we are using the GNU C compiler
configure:2965: gcc -c   conftest.c >&5
configure:2965: $? = 0
configure:2974: result: yes
configure:2983: checking whether gcc accepts -g
configure:3003: gcc -c -g  conftest.c >&5
configure:3003: $? = 0
configure:3044: result: yes
configure:3061: checking for gcc option to accept ISO C89
configure:3125: gcc  -c -g -O2  conftest.c >&5
configure:3125: $? = 0
configure:3138: result: none needed
configure:3169: checking for style of include used by make
configure:3197: result: GNU
configure:3222: checking dependency style of gcc
configure:3332: result: gcc3
configure:3390: checking for ranlib
configure:3406: found /usr/bin/ranlib
configure:3417: result: ranlib
configure:3561: creating ./config.status

## ---------------------- ##
## Running config.status. ##
## ---------------------- ##

This file was extended by Jobsignal Deadline Exporter config.status 0.1, which was
generated by GNU Autoconf 2.67.  Invocation command line was

  CONFIG_FILES    = 
  CONFIG_HEADERS  = 
  CONFIG_LINKS    = 
  CONFIG_COMMANDS = 
  $ ./config.status 

on lnxrickardm2

config.status:843: creating Makefile
config.status:843: creating config.h
config.status:1023: config.h is unchanged
config.status:1071: executing depfiles commands
configure:4890: checking for pthread_mutex_init in -lpthread
configure:4915: gcc -o conftest -g -O2   conftest.c -lpthread   >&5
configure:4915: $? = 0
configure:4924: result: yes
configure:4941: checking for shmat
configure:4941: gcc -o conftest -g -O2   conftest.c -lpthread  >&5
configure:4941: $? = 0
configure:4941: result: yes

## ---------------- ##
## Cache variables. ##
## ---------------- ##

ac_cv_c_compiler_gnu=yes
ac_cv_env_CC_set=
ac_cv_env_CC_value=
ac_cv_env_CFLAGS_set=
ac_cv_env_CFLAGS_value=
ac_cv_env_CPPFLAGS_set=
ac_cv_env_CPPFLAGS_value=
ac_cv_env_LDFLAGS_set=
ac_cv_env_LDFLAGS_value=
ac_cv_env_LIBS_set=
ac_cv_env_LIBS_value=
ac_cv_env_build_alias_set=
ac_cv_env_build_alias_value=
ac_cv_env_host_alias_set=
ac_cv_env_host_alias_value=
ac_cv_env_target_alias_set=
ac_cv_env_target_alias_value=
ac_cv_func_shmat=yes
ac_cv_lib_pthread_pthread_mutex_init=yes
ac_cv_objext=o
ac_cv_path_install='/usr/bin/install -c'
ac_cv_path_mkdir=/bin/mkdir
ac_cv_prog_AWK=gawk
ac_cv_prog_ac_ct_CC=gcc
ac_cv_prog_ac_ct_RANLIB=ranlib
ac_cv_prog_cc_c89=
ac_cv_prog_cc_g=yes
ac_cv_prog_make_make_set=yes
am_cv_CC_dependencies_compiler_type=gcc3

## ----------------- ##
## Output variables. ##
## ----------------- ##

ACLOCAL='${SHELL} /home/fredjon/workspace/gtrm/linux/cgroups/jobsignal/build/missing --run aclocal-1.11'
AMDEPBACKSLASH='\'
AMDEP_FALSE='#'
AMDEP_TRUE=''
AMTAR='${SHELL} /home/fredjon/workspace/gtrm/linux/cgroups/jobsignal/build/missing --run tar'
AUTOCONF='${SHELL} /home/fredjon/workspace/gtrm/linux/cgroups/jobsignal/build/missing --run autoconf'
AUTOHEADER='${SHELL} /home/fredjon/workspace/gtrm/linux/cgroups/jobsignal/build/missing --run autoheader'
AUTOMAKE='${SHELL} /home/fredjon/workspace/gtrm/linux/cgroups/jobsignal/build/missing --run automake-1.11'
AWK='gawk'
CC='gcc'
CCDEPMODE='depmode=gcc3'
CFLAGS='-g -O2'
CPPFLAGS=''
CYGPATH_W='echo'
DEFS='-DHAVE_CONFIG_H'
DEPDIR='.deps'
ECHO_C=''
ECHO_N='-n'
ECHO_T=''
EXEEXT=''
INSTALL_DATA='${INSTALL} -m 644'
INSTALL_PROGRAM='${INSTALL}'
INSTALL_SCRIPT='${INSTALL}'
INSTALL_STRIP_PROGRAM='$(install_sh) -c -s'
LDFLAGS=''
LIBOBJS=''
LIBS='-lpthread '
LTLIBOBJS=''
MAKEINFO='${SHELL} /home/fredjon/workspace/gtrm/linux/cgroups/jobsignal/build/missing --run makeinfo'
MKDIR_P='/bin/mkdir -p'
OBJEXT='o'
PACKAGE='jobsignal'
PACKAGE_BUGREPORT='martina.maggio@control.lth.se'
PACKAGE_NAME='Jobsignal Deadline Exporter'
PACKAGE_STRING='Jobsignal Deadline Exporter 0.1'
PACKAGE_TARNAME='jobsignal'
PACKAGE_URL='http://www.control.lth.se'
PACKAGE_VERSION='0.1'
PATH_SEPARATOR=':'
RANLIB='ranlib'
SET_MAKE=''
SHELL='/bin/sh'
STRIP=''
VERSION='0.1'
ac_ct_CC='gcc'
am__EXEEXT_FALSE=''
am__EXEEXT_TRUE='#'
am__fastdepCC_FALSE='#'
am__fastdepCC_TRUE=''
am__include='include'
am__isrc=''
am__leading_dot='.'
am__quote=''
am__tar='${AMTAR} chof - "$$tardir"'
am__untar='${AMTAR} xf -'
bindir='${exec_prefix}/bin'
build_alias=''
datadir='${datarootdir}'
datarootdir='${prefix}/share'
docdir='${datarootdir}/doc/${PACKAGE_TARNAME}'
dvidir='${docdir}'
exec_prefix='${prefix}'
host_alias=''
htmldir='${docdir}'
includedir='${prefix}/include'
infodir='${datarootdir}/info'
install_sh='${SHELL} /home/fredjon/workspace/gtrm/linux/cgroups/jobsignal/build/install-sh'
libdir='${exec_prefix}/lib'
libexecdir='${exec_prefix}/libexec'
localedir='${datarootdir}/locale'
localstatedir='${prefix}/var'
mandir='${datarootdir}/man'
mkdir_p='/bin/mkdir -p'
oldincludedir='/usr/include'
pdfdir='${docdir}'
prefix='/usr/local'
program_transform_name='s,x,x,'
psdir='${docdir}'
sbindir='${exec_prefix}/sbin'
sharedstatedir='${prefix}/com'
sysconfdir='${prefix}/etc'
target_alias=''

## ----------- ##
## confdefs.h. ##
## ----------- ##

/* confdefs.h */
#define PACKAGE_NAME "Jobsignal Deadline Exporter"
#define PACKAGE_TARNAME "jobsignal"
#define PACKAGE_VERSION "0.1"
#define PACKAGE_STRING "Jobsignal Deadline Exporter 0.1"
#define PACKAGE_BUGREPORT "martina.maggio@control.lth.se"
#define PACKAGE_URL "http://www.control.lth.se"
#define HAVE_LIBPTHREAD 1
#define HAVE_SHMAT 1

configure: exit 0
